<?xml version="1.0" encoding="UTF-8"?>
<!-- Generated by org.testng.reporters.JUnitReportReporter -->
<testsuite hostname="LAPTOP-SQ2QAOS3" failures="0" tests="1" name="cucumberOptions.TestNGTestRunner" time="10.630" errors="0" timestamp="2024-03-03T21:15:59 IST" skipped="0">
  <testcase classname="cucumberOptions.TestNGTestRunner" name="runScenario" time="10.630"/>
  <system-out/>
</testsuite> <!-- cucumberOptions.TestNGTestRunner -->
